CRITICAL - 2024-05-30 21:09:58 --> Object of class stdClass could not be converted to string
in APPPATH\Helpers\widget_helper.php on line 1457.
 1 APPPATH\Controllers\Dashboard.php(1152): projects_overview_widget()
 2 APPPATH\Controllers\Dashboard.php(1048): App\Controllers\Dashboard->_get_widgets_for_staffs('projects_overview', [...])
 3 APPPATH\Controllers\Dashboard.php(1025): App\Controllers\Dashboard->_make_dashboard_widgets('projects_overview')
 4 APPPATH\Controllers\Dashboard.php(38): App\Controllers\Dashboard->make_dashboard([...])
 5 SYSTEMPATH\CodeIgniter.php(932): App\Controllers\Dashboard->index()
 6 SYSTEMPATH\CodeIgniter.php(497): CodeIgniter\CodeIgniter->runController(Object(App\Controllers\Dashboard))
 7 SYSTEMPATH\CodeIgniter.php(366): CodeIgniter\CodeIgniter->handleRequest(null, Object(Config\Cache), false)
 8 FCPATH\index.php(80): CodeIgniter\CodeIgniter->run()
WARNING - 2024-05-30 21:14:08 --> status_text_info: Open
CRITICAL - 2024-05-30 21:14:45 --> status_text_info: Open
CRITICAL - 2024-05-30 21:16:42 --> Undefined variable $view_data
in APPPATH\Helpers\widget_helper.php on line 1457.
 1 APPPATH\Helpers\widget_helper.php(1457): CodeIgniter\Debug\Exceptions->errorHandler(2, 'Undefined variable $view_data', 'C:\\wamp64\\www\\myproject\\app\\Helpers\\widget_helper.php', 1457)
 2 APPPATH\Controllers\Dashboard.php(1152): projects_overview_widget()
 3 APPPATH\Controllers\Dashboard.php(1048): App\Controllers\Dashboard->_get_widgets_for_staffs('projects_overview', [...])
 4 APPPATH\Controllers\Dashboard.php(1025): App\Controllers\Dashboard->_make_dashboard_widgets('projects_overview')
 5 APPPATH\Controllers\Dashboard.php(38): App\Controllers\Dashboard->make_dashboard([...])
 6 SYSTEMPATH\CodeIgniter.php(932): App\Controllers\Dashboard->index()
 7 SYSTEMPATH\CodeIgniter.php(497): CodeIgniter\CodeIgniter->runController(Object(App\Controllers\Dashboard))
 8 SYSTEMPATH\CodeIgniter.php(366): CodeIgniter\CodeIgniter->handleRequest(null, Object(Config\Cache), false)
 9 FCPATH\index.php(80): CodeIgniter\CodeIgniter->run()
CRITICAL - 2024-05-30 21:17:51 --> "WARNING" is an invalid log level.
in SYSTEMPATH\Log\Logger.php on line 258.
 1 SYSTEMPATH\Log\Logger.php(258): CodeIgniter\Log\Exceptions\LogException::forInvalidLogLevel('WARNING')
 2 SYSTEMPATH\Common.php(808): CodeIgniter\Log\Logger->log('WARNING', 'project_overview_data: stdClass Object
(
    [total_points] => 
    [completed_points] => 
)
', [])
 3 APPPATH\Helpers\widget_helper.php(1466): log_message('WARNING', 'project_overview_data: stdClass Object
(
    [total_points] => 
    [completed_points] => 
)
')
 4 APPPATH\Controllers\Dashboard.php(1152): projects_overview_widget()
 5 APPPATH\Controllers\Dashboard.php(1048): App\Controllers\Dashboard->_get_widgets_for_staffs('projects_overview', [...])
 6 APPPATH\Controllers\Dashboard.php(1025): App\Controllers\Dashboard->_make_dashboard_widgets('projects_overview')
 7 APPPATH\Controllers\Dashboard.php(38): App\Controllers\Dashboard->make_dashboard([...])
 8 SYSTEMPATH\CodeIgniter.php(932): App\Controllers\Dashboard->index()
 9 SYSTEMPATH\CodeIgniter.php(497): CodeIgniter\CodeIgniter->runController(Object(App\Controllers\Dashboard))
10 SYSTEMPATH\CodeIgniter.php(366): CodeIgniter\CodeIgniter->handleRequest(null, Object(Config\Cache), false)
11 FCPATH\index.php(80): CodeIgniter\CodeIgniter->run()
CRITICAL - 2024-05-30 21:54:27 --> syntax error, unexpected token "}", expecting ";"
in APPPATH\Models\Projects_model.php on line 400.
 1 SYSTEMPATH\Autoloader\Autoloader.php(289): CodeIgniter\Autoloader\Autoloader->includeFile('C:\\wamp64\\www\\myproject\\app\\Models\\Projects_model.php')
 2 SYSTEMPATH\Autoloader\Autoloader.php(267): CodeIgniter\Autoloader\Autoloader->loadInNamespace('App\\Models\\Projects_model')
 3 [internal function]: CodeIgniter\Autoloader\Autoloader->loadClass('App\\Models\\Projects_model')
 4 SYSTEMPATH\Config\Factories.php(139): class_exists('App\\Models\\Projects_model')
 5 SYSTEMPATH\Config\Factories.php(109): CodeIgniter\Config\Factories::locateClass([...], 'App\\Models\\Projects_model')
 6 SYSTEMPATH\Common.php(825): CodeIgniter\Config\Factories::__callStatic('models', [...])
 7 APPPATH\Controllers\App_Controller.php(99): model('App\\Models\\Projects_model')
 8 APPPATH\Controllers\Security_Controller.php(17): App\Controllers\App_Controller->__construct()
 9 APPPATH\Controllers\Messages.php(8): App\Controllers\Security_Controller->__construct()
10 SYSTEMPATH\CodeIgniter.php(904): App\Controllers\Messages->__construct()
11 SYSTEMPATH\CodeIgniter.php(488): CodeIgniter\CodeIgniter->createController()
12 SYSTEMPATH\CodeIgniter.php(366): CodeIgniter\CodeIgniter->handleRequest(null, Object(Config\Cache), false)
13 FCPATH\index.php(80): CodeIgniter\CodeIgniter->run()
CRITICAL - 2024-05-30 21:54:41 --> "WARNING" is an invalid log level.
in SYSTEMPATH\Log\Logger.php on line 258.
 1 SYSTEMPATH\Log\Logger.php(258): CodeIgniter\Log\Exceptions\LogException::forInvalidLogLevel('WARNING')
 2 SYSTEMPATH\Common.php(808): CodeIgniter\Log\Logger->log('WARNING', 'count_task_points: stdClass Object
(
    [total_points] => 
    [completed_points] => 
)
', [])
 3 APPPATH\Models\Projects_model.php(398): log_message('WARNING', 'count_task_points: stdClass Object
(
    [total_points] => 
    [completed_points] => 
)
')
 4 APPPATH\Helpers\widget_helper.php(1463): App\Models\Projects_model->count_task_points([...])
 5 APPPATH\Controllers\Dashboard.php(1152): projects_overview_widget()
 6 APPPATH\Controllers\Dashboard.php(1048): App\Controllers\Dashboard->_get_widgets_for_staffs('projects_overview', [...])
 7 APPPATH\Controllers\Dashboard.php(1025): App\Controllers\Dashboard->_make_dashboard_widgets('projects_overview')
 8 APPPATH\Controllers\Dashboard.php(38): App\Controllers\Dashboard->make_dashboard([...])
 9 SYSTEMPATH\CodeIgniter.php(932): App\Controllers\Dashboard->index()
10 SYSTEMPATH\CodeIgniter.php(497): CodeIgniter\CodeIgniter->runController(Object(App\Controllers\Dashboard))
11 SYSTEMPATH\CodeIgniter.php(366): CodeIgniter\CodeIgniter->handleRequest(null, Object(Config\Cache), false)
12 FCPATH\index.php(80): CodeIgniter\CodeIgniter->run()
CRITICAL - 2024-05-30 21:59:50 --> Object of class stdClass could not be converted to string
in APPPATH\Helpers\widget_helper.php on line 1467.
 1 APPPATH\Controllers\Dashboard.php(1152): projects_overview_widget()
 2 APPPATH\Controllers\Dashboard.php(1048): App\Controllers\Dashboard->_get_widgets_for_staffs('projects_overview', [...])
 3 APPPATH\Controllers\Dashboard.php(1025): App\Controllers\Dashboard->_make_dashboard_widgets('projects_overview')
 4 APPPATH\Controllers\Dashboard.php(38): App\Controllers\Dashboard->make_dashboard([...])
 5 SYSTEMPATH\CodeIgniter.php(932): App\Controllers\Dashboard->index()
 6 SYSTEMPATH\CodeIgniter.php(497): CodeIgniter\CodeIgniter->runController(Object(App\Controllers\Dashboard))
 7 SYSTEMPATH\CodeIgniter.php(366): CodeIgniter\CodeIgniter->handleRequest(null, Object(Config\Cache), false)
 8 FCPATH\index.php(80): CodeIgniter\CodeIgniter->run()
CRITICAL - 2024-05-30 22:00:45 --> Object of class stdClass could not be converted to string
in APPPATH\Helpers\widget_helper.php on line 1467.
 1 APPPATH\Controllers\Dashboard.php(1152): projects_overview_widget()
 2 APPPATH\Controllers\Dashboard.php(1048): App\Controllers\Dashboard->_get_widgets_for_staffs('projects_overview', [...])
 3 APPPATH\Controllers\Dashboard.php(1025): App\Controllers\Dashboard->_make_dashboard_widgets('projects_overview')
 4 APPPATH\Controllers\Dashboard.php(38): App\Controllers\Dashboard->make_dashboard([...])
 5 SYSTEMPATH\CodeIgniter.php(932): App\Controllers\Dashboard->index()
 6 SYSTEMPATH\CodeIgniter.php(497): CodeIgniter\CodeIgniter->runController(Object(App\Controllers\Dashboard))
 7 SYSTEMPATH\CodeIgniter.php(366): CodeIgniter\CodeIgniter->handleRequest(null, Object(Config\Cache), false)
 8 FCPATH\index.php(80): CodeIgniter\CodeIgniter->run()
CRITICAL - 2024-05-30 22:01:15 --> "WARNING" is an invalid log level.
in SYSTEMPATH\Log\Logger.php on line 258.
 1 SYSTEMPATH\Log\Logger.php(258): CodeIgniter\Log\Exceptions\LogException::forInvalidLogLevel('WARNING')
 2 SYSTEMPATH\Common.php(808): CodeIgniter\Log\Logger->log('WARNING', 'client_counts: stdClass Object
(
    [client_counts] => 2
)
', [])
 3 APPPATH\Helpers\widget_helper.php(1467): log_message('WARNING', 'client_counts: stdClass Object
(
    [client_counts] => 2
)
')
 4 APPPATH\Controllers\Dashboard.php(1152): projects_overview_widget()
 5 APPPATH\Controllers\Dashboard.php(1048): App\Controllers\Dashboard->_get_widgets_for_staffs('projects_overview', [...])
 6 APPPATH\Controllers\Dashboard.php(1025): App\Controllers\Dashboard->_make_dashboard_widgets('projects_overview')
 7 APPPATH\Controllers\Dashboard.php(38): App\Controllers\Dashboard->make_dashboard([...])
 8 SYSTEMPATH\CodeIgniter.php(932): App\Controllers\Dashboard->index()
 9 SYSTEMPATH\CodeIgniter.php(497): CodeIgniter\CodeIgniter->runController(Object(App\Controllers\Dashboard))
10 SYSTEMPATH\CodeIgniter.php(366): CodeIgniter\CodeIgniter->handleRequest(null, Object(Config\Cache), false)
11 FCPATH\index.php(80): CodeIgniter\CodeIgniter->run()
CRITICAL - 2024-05-30 22:02:21 --> Cannot use object of type stdClass as array
in APPPATH\Helpers\widget_helper.php on line 1467.
 1 APPPATH\Controllers\Dashboard.php(1152): projects_overview_widget()
 2 APPPATH\Controllers\Dashboard.php(1048): App\Controllers\Dashboard->_get_widgets_for_staffs('projects_overview', [...])
 3 APPPATH\Controllers\Dashboard.php(1025): App\Controllers\Dashboard->_make_dashboard_widgets('projects_overview')
 4 APPPATH\Controllers\Dashboard.php(38): App\Controllers\Dashboard->make_dashboard([...])
 5 SYSTEMPATH\CodeIgniter.php(932): App\Controllers\Dashboard->index()
 6 SYSTEMPATH\CodeIgniter.php(497): CodeIgniter\CodeIgniter->runController(Object(App\Controllers\Dashboard))
 7 SYSTEMPATH\CodeIgniter.php(366): CodeIgniter\CodeIgniter->handleRequest(null, Object(Config\Cache), false)
 8 FCPATH\index.php(80): CodeIgniter\CodeIgniter->run()
CRITICAL - 2024-05-30 22:03:38 --> Cannot use object of type stdClass as array
in APPPATH\Helpers\widget_helper.php on line 1467.
 1 APPPATH\Controllers\Dashboard.php(1152): projects_overview_widget()
 2 APPPATH\Controllers\Dashboard.php(1048): App\Controllers\Dashboard->_get_widgets_for_staffs('projects_overview', [...])
 3 APPPATH\Controllers\Dashboard.php(1025): App\Controllers\Dashboard->_make_dashboard_widgets('projects_overview')
 4 APPPATH\Controllers\Dashboard.php(38): App\Controllers\Dashboard->make_dashboard([...])
 5 SYSTEMPATH\CodeIgniter.php(932): App\Controllers\Dashboard->index()
 6 SYSTEMPATH\CodeIgniter.php(497): CodeIgniter\CodeIgniter->runController(Object(App\Controllers\Dashboard))
 7 SYSTEMPATH\CodeIgniter.php(366): CodeIgniter\CodeIgniter->handleRequest(null, Object(Config\Cache), false)
 8 FCPATH\index.php(80): CodeIgniter\CodeIgniter->run()
CRITICAL - 2024-05-30 22:03:40 --> Cannot use object of type stdClass as array
in APPPATH\Helpers\widget_helper.php on line 1467.
 1 APPPATH\Controllers\Dashboard.php(1152): projects_overview_widget()
 2 APPPATH\Controllers\Dashboard.php(1048): App\Controllers\Dashboard->_get_widgets_for_staffs('projects_overview', [...])
 3 APPPATH\Controllers\Dashboard.php(1025): App\Controllers\Dashboard->_make_dashboard_widgets('projects_overview')
 4 APPPATH\Controllers\Dashboard.php(38): App\Controllers\Dashboard->make_dashboard([...])
 5 SYSTEMPATH\CodeIgniter.php(932): App\Controllers\Dashboard->index()
 6 SYSTEMPATH\CodeIgniter.php(497): CodeIgniter\CodeIgniter->runController(Object(App\Controllers\Dashboard))
 7 SYSTEMPATH\CodeIgniter.php(366): CodeIgniter\CodeIgniter->handleRequest(null, Object(Config\Cache), false)
 8 FCPATH\index.php(80): CodeIgniter\CodeIgniter->run()
CRITICAL - 2024-05-30 22:04:53 --> "WARNING" is an invalid log level.
in SYSTEMPATH\Log\Logger.php on line 258.
 1 SYSTEMPATH\Log\Logger.php(258): CodeIgniter\Log\Exceptions\LogException::forInvalidLogLevel('WARNING')
 2 SYSTEMPATH\Common.php(808): CodeIgniter\Log\Logger->log('WARNING', 'projects_info: stdClass Object
(
    [total_points] => 
    [completed_points] => 
)
', [])
 3 APPPATH\Helpers\widget_helper.php(1467): log_message('WARNING', 'projects_info: stdClass Object
(
    [total_points] => 
    [completed_points] => 
)
')
 4 APPPATH\Controllers\Dashboard.php(1152): projects_overview_widget()
 5 APPPATH\Controllers\Dashboard.php(1048): App\Controllers\Dashboard->_get_widgets_for_staffs('projects_overview', [...])
 6 APPPATH\Controllers\Dashboard.php(1025): App\Controllers\Dashboard->_make_dashboard_widgets('projects_overview')
 7 APPPATH\Controllers\Dashboard.php(38): App\Controllers\Dashboard->make_dashboard([...])
 8 SYSTEMPATH\CodeIgniter.php(932): App\Controllers\Dashboard->index()
 9 SYSTEMPATH\CodeIgniter.php(497): CodeIgniter\CodeIgniter->runController(Object(App\Controllers\Dashboard))
10 SYSTEMPATH\CodeIgniter.php(366): CodeIgniter\CodeIgniter->handleRequest(null, Object(Config\Cache), false)
11 FCPATH\index.php(80): CodeIgniter\CodeIgniter->run()
CRITICAL - 2024-05-30 22:05:12 --> "WARNING" is an invalid log level.
in SYSTEMPATH\Log\Logger.php on line 258.
 1 SYSTEMPATH\Log\Logger.php(258): CodeIgniter\Log\Exceptions\LogException::forInvalidLogLevel('WARNING')
 2 SYSTEMPATH\Common.php(808): CodeIgniter\Log\Logger->log('WARNING', 'projects_info: stdClass Object
(
    [client_counts] => 2
)
', [])
 3 APPPATH\Helpers\widget_helper.php(1467): log_message('WARNING', 'projects_info: stdClass Object
(
    [client_counts] => 2
)
')
 4 APPPATH\Controllers\Dashboard.php(1152): projects_overview_widget()
 5 APPPATH\Controllers\Dashboard.php(1048): App\Controllers\Dashboard->_get_widgets_for_staffs('projects_overview', [...])
 6 APPPATH\Controllers\Dashboard.php(1025): App\Controllers\Dashboard->_make_dashboard_widgets('projects_overview')
 7 APPPATH\Controllers\Dashboard.php(38): App\Controllers\Dashboard->make_dashboard([...])
 8 SYSTEMPATH\CodeIgniter.php(932): App\Controllers\Dashboard->index()
 9 SYSTEMPATH\CodeIgniter.php(497): CodeIgniter\CodeIgniter->runController(Object(App\Controllers\Dashboard))
10 SYSTEMPATH\CodeIgniter.php(366): CodeIgniter\CodeIgniter->handleRequest(null, Object(Config\Cache), false)
11 FCPATH\index.php(80): CodeIgniter\CodeIgniter->run()
CRITICAL - 2024-05-30 22:05:35 --> "CRITICAL" is an invalid log level.
in SYSTEMPATH\Log\Logger.php on line 258.
 1 SYSTEMPATH\Log\Logger.php(258): CodeIgniter\Log\Exceptions\LogException::forInvalidLogLevel('CRITICAL')
 2 SYSTEMPATH\Common.php(808): CodeIgniter\Log\Logger->log('CRITICAL', 'projects_info: stdClass Object
(
    [client_counts] => 2
)
', [])
 3 APPPATH\Helpers\widget_helper.php(1467): log_message('CRITICAL', 'projects_info: stdClass Object
(
    [client_counts] => 2
)
')
 4 APPPATH\Controllers\Dashboard.php(1152): projects_overview_widget()
 5 APPPATH\Controllers\Dashboard.php(1048): App\Controllers\Dashboard->_get_widgets_for_staffs('projects_overview', [...])
 6 APPPATH\Controllers\Dashboard.php(1025): App\Controllers\Dashboard->_make_dashboard_widgets('projects_overview')
 7 APPPATH\Controllers\Dashboard.php(38): App\Controllers\Dashboard->make_dashboard([...])
 8 SYSTEMPATH\CodeIgniter.php(932): App\Controllers\Dashboard->index()
 9 SYSTEMPATH\CodeIgniter.php(497): CodeIgniter\CodeIgniter->runController(Object(App\Controllers\Dashboard))
10 SYSTEMPATH\CodeIgniter.php(366): CodeIgniter\CodeIgniter->handleRequest(null, Object(Config\Cache), false)
11 FCPATH\index.php(80): CodeIgniter\CodeIgniter->run()
CRITICAL - 2024-05-30 22:05:38 --> "CRITICAL" is an invalid log level.
in SYSTEMPATH\Log\Logger.php on line 258.
 1 SYSTEMPATH\Log\Logger.php(258): CodeIgniter\Log\Exceptions\LogException::forInvalidLogLevel('CRITICAL')
 2 SYSTEMPATH\Common.php(808): CodeIgniter\Log\Logger->log('CRITICAL', 'projects_info: stdClass Object
(
    [client_counts] => 2
)
', [])
 3 APPPATH\Helpers\widget_helper.php(1467): log_message('CRITICAL', 'projects_info: stdClass Object
(
    [client_counts] => 2
)
')
 4 APPPATH\Controllers\Dashboard.php(1152): projects_overview_widget()
 5 APPPATH\Controllers\Dashboard.php(1048): App\Controllers\Dashboard->_get_widgets_for_staffs('projects_overview', [...])
 6 APPPATH\Controllers\Dashboard.php(1025): App\Controllers\Dashboard->_make_dashboard_widgets('projects_overview')
 7 APPPATH\Controllers\Dashboard.php(38): App\Controllers\Dashboard->make_dashboard([...])
 8 SYSTEMPATH\CodeIgniter.php(932): App\Controllers\Dashboard->index()
 9 SYSTEMPATH\CodeIgniter.php(497): CodeIgniter\CodeIgniter->runController(Object(App\Controllers\Dashboard))
10 SYSTEMPATH\CodeIgniter.php(366): CodeIgniter\CodeIgniter->handleRequest(null, Object(Config\Cache), false)
11 FCPATH\index.php(80): CodeIgniter\CodeIgniter->run()
CRITICAL - 2024-05-30 22:06:00 --> "Warnings" is an invalid log level.
in SYSTEMPATH\Log\Logger.php on line 258.
 1 SYSTEMPATH\Log\Logger.php(258): CodeIgniter\Log\Exceptions\LogException::forInvalidLogLevel('Warnings')
 2 SYSTEMPATH\Common.php(808): CodeIgniter\Log\Logger->log('Warnings', 'projects_info: stdClass Object
(
    [client_counts] => 2
)
', [])
 3 APPPATH\Helpers\widget_helper.php(1467): log_message('Warnings', 'projects_info: stdClass Object
(
    [client_counts] => 2
)
')
 4 APPPATH\Controllers\Dashboard.php(1152): projects_overview_widget()
 5 APPPATH\Controllers\Dashboard.php(1048): App\Controllers\Dashboard->_get_widgets_for_staffs('projects_overview', [...])
 6 APPPATH\Controllers\Dashboard.php(1025): App\Controllers\Dashboard->_make_dashboard_widgets('projects_overview')
 7 APPPATH\Controllers\Dashboard.php(38): App\Controllers\Dashboard->make_dashboard([...])
 8 SYSTEMPATH\CodeIgniter.php(932): App\Controllers\Dashboard->index()
 9 SYSTEMPATH\CodeIgniter.php(497): CodeIgniter\CodeIgniter->runController(Object(App\Controllers\Dashboard))
10 SYSTEMPATH\CodeIgniter.php(366): CodeIgniter\CodeIgniter->handleRequest(null, Object(Config\Cache), false)
11 FCPATH\index.php(80): CodeIgniter\CodeIgniter->run()
CRITICAL - 2024-05-30 22:06:24 --> "WARNINGS" is an invalid log level.
in SYSTEMPATH\Log\Logger.php on line 258.
 1 SYSTEMPATH\Log\Logger.php(258): CodeIgniter\Log\Exceptions\LogException::forInvalidLogLevel('WARNINGS')
 2 SYSTEMPATH\Common.php(808): CodeIgniter\Log\Logger->log('WARNINGS', 'projects_info: stdClass Object
(
    [client_counts] => 2
)
', [])
 3 APPPATH\Helpers\widget_helper.php(1467): log_message('WARNINGS', 'projects_info: stdClass Object
(
    [client_counts] => 2
)
')
 4 APPPATH\Controllers\Dashboard.php(1152): projects_overview_widget()
 5 APPPATH\Controllers\Dashboard.php(1048): App\Controllers\Dashboard->_get_widgets_for_staffs('projects_overview', [...])
 6 APPPATH\Controllers\Dashboard.php(1025): App\Controllers\Dashboard->_make_dashboard_widgets('projects_overview')
 7 APPPATH\Controllers\Dashboard.php(38): App\Controllers\Dashboard->make_dashboard([...])
 8 SYSTEMPATH\CodeIgniter.php(932): App\Controllers\Dashboard->index()
 9 SYSTEMPATH\CodeIgniter.php(497): CodeIgniter\CodeIgniter->runController(Object(App\Controllers\Dashboard))
10 SYSTEMPATH\CodeIgniter.php(366): CodeIgniter\CodeIgniter->handleRequest(null, Object(Config\Cache), false)
11 FCPATH\index.php(80): CodeIgniter\CodeIgniter->run()
CRITICAL - 2024-05-30 22:09:21 --> "WARNINGS" is an invalid log level.
in SYSTEMPATH\Log\Logger.php on line 258.
 1 SYSTEMPATH\Log\Logger.php(258): CodeIgniter\Log\Exceptions\LogException::forInvalidLogLevel('WARNINGS')
 2 SYSTEMPATH\Common.php(808): CodeIgniter\Log\Logger->log('WARNINGS', 'projects_info: stdClass Object
(
    [client_counts] => 2
)
', [])
 3 APPPATH\Helpers\widget_helper.php(1467): log_message('WARNINGS', 'projects_info: stdClass Object
(
    [client_counts] => 2
)
')
 4 APPPATH\Controllers\Dashboard.php(1152): projects_overview_widget()
 5 APPPATH\Controllers\Dashboard.php(1048): App\Controllers\Dashboard->_get_widgets_for_staffs('projects_overview', [...])
 6 APPPATH\Controllers\Dashboard.php(1025): App\Controllers\Dashboard->_make_dashboard_widgets('projects_overview')
 7 APPPATH\Controllers\Dashboard.php(38): App\Controllers\Dashboard->make_dashboard([...])
 8 SYSTEMPATH\CodeIgniter.php(932): App\Controllers\Dashboard->index()
 9 SYSTEMPATH\CodeIgniter.php(497): CodeIgniter\CodeIgniter->runController(Object(App\Controllers\Dashboard))
10 SYSTEMPATH\CodeIgniter.php(366): CodeIgniter\CodeIgniter->handleRequest(null, Object(Config\Cache), false)
11 FCPATH\index.php(80): CodeIgniter\CodeIgniter->run()
ERROR - 2024-05-30 22:11:06 --> projects_info stdClass Object
(
    [client_counts] => 2
)

CRITICAL - 2024-05-30 22:44:34 --> The action you requested is not allowed.
in SYSTEMPATH\Security\Security.php on line 306.
 1 SYSTEMPATH\Security\Security.php(306): CodeIgniter\Security\Exceptions\SecurityException::forDisallowedAction()
 2 SYSTEMPATH\Filters\CSRF.php(55): CodeIgniter\Security\Security->verify(Object(CodeIgniter\HTTP\IncomingRequest))
 3 SYSTEMPATH\Filters\Filters.php(173): CodeIgniter\Filters\CSRF->before(Object(CodeIgniter\HTTP\IncomingRequest), null)
 4 SYSTEMPATH\CodeIgniter.php(471): CodeIgniter\Filters\Filters->run('clients/modal_form', 'before')
 5 SYSTEMPATH\CodeIgniter.php(366): CodeIgniter\CodeIgniter->handleRequest(null, Object(Config\Cache), false)
 6 FCPATH\index.php(80): CodeIgniter\CodeIgniter->run()
ERROR - 2024-05-30 22:56:08 --> projects_info stdClass Object
(
    [id] => 1
    [company_name] => Black tea
    [type] => person
    [address] => ub
    [city] => Ulaanbaatar
    [state] => BZD
    [zip] => 
    [country] => Mongolia
    [created_date] => 2024-05-31
    [website] => 
    [phone] => 85266716
    [currency_symbol] => 
    [starred_by] => 
    [group_ids] => 1,2
    [deleted] => 0
    [is_lead] => 0
    [lead_status_id] => 0
    [owner_id] => 0
    [created_by] => 1
    [sort] => 0
    [lead_source_id] => 0
    [last_lead_status] => 
    [client_migration_date] => 0000-00-00
    [vat_number] => 
    [gst_number] => 
    [stripe_customer_id] => 
    [stripe_card_ending_digit] => 0
    [currency] => 
    [disable_online_payment] => 0
    [labels] => 
    [title] => VIP
)

ERROR - 2024-05-30 22:57:31 --> projects_info stdClass Object
(
    [id] => 1
)

ERROR - 2024-05-30 22:58:39 --> projects_info CodeIgniter\Database\MySQLi\Result Object
(
    [connID] => mysqli Object
        (
            [affected_rows] => 4
            [client_info] => mysqlnd 8.2.13
            [client_version] => 80213
            [connect_errno] => 0
            [connect_error] => 
            [errno] => 0
            [error] => 
            [error_list] => Array
                (
                )

            [field_count] => 1
            [host_info] => localhost via TCP/IP
            [info] => 
            [insert_id] => 0
            [server_info] => 5.7.44
            [server_version] => 50744
            [sqlstate] => 00000
            [protocol_version] => 10
            [thread_id] => 3833
            [warning_count] => 0
        )

    [resultID] => mysqli_result Object
        (
            [current_field] => 0
            [field_count] => 1
            [lengths] => 
            [num_rows] => 4
            [type] => 0
        )

    [resultArray] => Array
        (
        )

    [resultObject] => Array
        (
        )

    [customResultObject] => Array
        (
        )

    [currentRow] => 0
    [numRows:protected] => 
    [rowData] => 
)

ERROR - 2024-05-30 23:01:15 --> projects_info Array
(
    [0] => stdClass Object
        (
            [id] => 1
        )

    [1] => stdClass Object
        (
            [id] => 2
        )

    [2] => stdClass Object
        (
            [id] => 5
        )

    [3] => stdClass Object
        (
            [id] => 7
        )

)

CRITICAL - 2024-05-30 23:22:09 --> Call to undefined method CodeIgniter\Database\MySQLi\Result::num_rows()
in APPPATH\Models\Projects_model.php on line 383.
 1 APPPATH\Helpers\widget_helper.php(1464): App\Models\Projects_model->count_users_client_group()
 2 APPPATH\Controllers\Dashboard.php(1152): projects_overview_widget()
 3 APPPATH\Controllers\Dashboard.php(1048): App\Controllers\Dashboard->_get_widgets_for_staffs('projects_overview', [...])
 4 APPPATH\Controllers\Dashboard.php(1025): App\Controllers\Dashboard->_make_dashboard_widgets('projects_overview')
 5 APPPATH\Controllers\Dashboard.php(38): App\Controllers\Dashboard->make_dashboard([...])
 6 SYSTEMPATH\CodeIgniter.php(932): App\Controllers\Dashboard->index()
 7 SYSTEMPATH\CodeIgniter.php(497): CodeIgniter\CodeIgniter->runController(Object(App\Controllers\Dashboard))
 8 SYSTEMPATH\CodeIgniter.php(366): CodeIgniter\CodeIgniter->handleRequest(null, Object(Config\Cache), false)
 9 FCPATH\index.php(80): CodeIgniter\CodeIgniter->run()
ERROR - 2024-05-30 23:22:43 --> projects_info 4
ERROR - 2024-05-30 23:37:05 --> client_overview_data Array
(
    [client_total_count] => 4
    [count_no] => 2
    [count_yes] => 2
)

