CRITICAL - 2024-05-31 00:09:51 --> Attempt to read property "client_total_count" on array
in APPPATH\Views\projects\widgets\projects_overview_widget.php on line 2.
 1 APPPATH\Views\projects\widgets\projects_overview_widget.php(2): CodeIgniter\Debug\Exceptions->errorHandler(2, 'Attempt to read property "client_total_count" on array', 'C:\\wamp64\\www\\myproject\\app\\Views\\projects\\widgets\\projects_overview_widget.php', 2)
 2 SYSTEMPATH\View\View.php(224): include('C:\\wamp64\\www\\myproject\\app\\Views\\projects\\widgets\\projects_overview_widget.php')
 3 SYSTEMPATH\View\View.php(227): CodeIgniter\View\View->CodeIgniter\View\{closure}()
 4 SYSTEMPATH\Common.php(1180): CodeIgniter\View\View->render('projects/widgets/projects_overview_widget', [], true)
 5 APPPATH\Libraries\Template.php(38): view('projects/widgets/projects_overview_widget', [...])
 6 APPPATH\Helpers\widget_helper.php(1471): App\Libraries\Template->view('projects/widgets/projects_overview_widget', [...])
 7 APPPATH\Controllers\Dashboard.php(1152): projects_overview_widget()
 8 APPPATH\Controllers\Dashboard.php(1048): App\Controllers\Dashboard->_get_widgets_for_staffs('projects_overview', [...])
 9 APPPATH\Controllers\Dashboard.php(1025): App\Controllers\Dashboard->_make_dashboard_widgets('projects_overview')
10 APPPATH\Controllers\Dashboard.php(38): App\Controllers\Dashboard->make_dashboard([...])
11 SYSTEMPATH\CodeIgniter.php(932): App\Controllers\Dashboard->index()
12 SYSTEMPATH\CodeIgniter.php(497): CodeIgniter\CodeIgniter->runController(Object(App\Controllers\Dashboard))
13 SYSTEMPATH\CodeIgniter.php(366): CodeIgniter\CodeIgniter->handleRequest(null, Object(Config\Cache), false)
14 FCPATH\index.php(80): CodeIgniter\CodeIgniter->run()
ERROR - 2024-05-31 00:11:53 --> test client_overview_data stdClass Object
(
    [total_points] => 
    [completed_points] => 
)

CRITICAL - 2024-05-31 00:11:53 --> Attempt to read property "client_total_count" on array
in APPPATH\Views\projects\widgets\projects_overview_widget.php on line 2.
 1 APPPATH\Views\projects\widgets\projects_overview_widget.php(2): CodeIgniter\Debug\Exceptions->errorHandler(2, 'Attempt to read property "client_total_count" on array', 'C:\\wamp64\\www\\myproject\\app\\Views\\projects\\widgets\\projects_overview_widget.php', 2)
 2 SYSTEMPATH\View\View.php(224): include('C:\\wamp64\\www\\myproject\\app\\Views\\projects\\widgets\\projects_overview_widget.php')
 3 SYSTEMPATH\View\View.php(227): CodeIgniter\View\View->CodeIgniter\View\{closure}()
 4 SYSTEMPATH\Common.php(1180): CodeIgniter\View\View->render('projects/widgets/projects_overview_widget', [], true)
 5 APPPATH\Libraries\Template.php(38): view('projects/widgets/projects_overview_widget', [...])
 6 APPPATH\Helpers\widget_helper.php(1471): App\Libraries\Template->view('projects/widgets/projects_overview_widget', [...])
 7 APPPATH\Controllers\Dashboard.php(1152): projects_overview_widget()
 8 APPPATH\Controllers\Dashboard.php(1048): App\Controllers\Dashboard->_get_widgets_for_staffs('projects_overview', [...])
 9 APPPATH\Controllers\Dashboard.php(1025): App\Controllers\Dashboard->_make_dashboard_widgets('projects_overview')
10 APPPATH\Controllers\Dashboard.php(38): App\Controllers\Dashboard->make_dashboard([...])
11 SYSTEMPATH\CodeIgniter.php(932): App\Controllers\Dashboard->index()
12 SYSTEMPATH\CodeIgniter.php(497): CodeIgniter\CodeIgniter->runController(Object(App\Controllers\Dashboard))
13 SYSTEMPATH\CodeIgniter.php(366): CodeIgniter\CodeIgniter->handleRequest(null, Object(Config\Cache), false)
14 FCPATH\index.php(80): CodeIgniter\CodeIgniter->run()
ERROR - 2024-05-31 00:12:56 --> test client_overview_data stdClass Object
(
    [total_points] => 
    [completed_points] => 
)

CRITICAL - 2024-05-31 00:12:56 --> Undefined property: stdClass::$client_total_count
in APPPATH\Views\projects\widgets\projects_overview_widget.php on line 2.
 1 APPPATH\Views\projects\widgets\projects_overview_widget.php(2): CodeIgniter\Debug\Exceptions->errorHandler(2, 'Undefined property: stdClass::$client_total_count', 'C:\\wamp64\\www\\myproject\\app\\Views\\projects\\widgets\\projects_overview_widget.php', 2)
 2 SYSTEMPATH\View\View.php(224): include('C:\\wamp64\\www\\myproject\\app\\Views\\projects\\widgets\\projects_overview_widget.php')
 3 SYSTEMPATH\View\View.php(227): CodeIgniter\View\View->CodeIgniter\View\{closure}()
 4 SYSTEMPATH\Common.php(1180): CodeIgniter\View\View->render('projects/widgets/projects_overview_widget', [], true)
 5 APPPATH\Libraries\Template.php(38): view('projects/widgets/projects_overview_widget', [...])
 6 APPPATH\Helpers\widget_helper.php(1472): App\Libraries\Template->view('projects/widgets/projects_overview_widget', [...])
 7 APPPATH\Controllers\Dashboard.php(1152): projects_overview_widget()
 8 APPPATH\Controllers\Dashboard.php(1048): App\Controllers\Dashboard->_get_widgets_for_staffs('projects_overview', [...])
 9 APPPATH\Controllers\Dashboard.php(1025): App\Controllers\Dashboard->_make_dashboard_widgets('projects_overview')
10 APPPATH\Controllers\Dashboard.php(38): App\Controllers\Dashboard->make_dashboard([...])
11 SYSTEMPATH\CodeIgniter.php(932): App\Controllers\Dashboard->index()
12 SYSTEMPATH\CodeIgniter.php(497): CodeIgniter\CodeIgniter->runController(Object(App\Controllers\Dashboard))
13 SYSTEMPATH\CodeIgniter.php(366): CodeIgniter\CodeIgniter->handleRequest(null, Object(Config\Cache), false)
14 FCPATH\index.php(80): CodeIgniter\CodeIgniter->run()
ERROR - 2024-05-31 00:13:26 --> test client_overview_data stdClass Object
(
    [total_points] => 
    [completed_points] => 
)

CRITICAL - 2024-05-31 00:13:26 --> Undefined variable $count_project_status
in APPPATH\Views\projects\widgets\projects_overview_widget.php on line 17.
 1 APPPATH\Views\projects\widgets\projects_overview_widget.php(17): CodeIgniter\Debug\Exceptions->errorHandler(2, 'Undefined variable $count_project_status', 'C:\\wamp64\\www\\myproject\\app\\Views\\projects\\widgets\\projects_overview_widget.php', 17)
 2 SYSTEMPATH\View\View.php(224): include('C:\\wamp64\\www\\myproject\\app\\Views\\projects\\widgets\\projects_overview_widget.php')
 3 SYSTEMPATH\View\View.php(227): CodeIgniter\View\View->CodeIgniter\View\{closure}()
 4 SYSTEMPATH\Common.php(1180): CodeIgniter\View\View->render('projects/widgets/projects_overview_widget', [], true)
 5 APPPATH\Libraries\Template.php(38): view('projects/widgets/projects_overview_widget', [...])
 6 APPPATH\Helpers\widget_helper.php(1472): App\Libraries\Template->view('projects/widgets/projects_overview_widget', [...])
 7 APPPATH\Controllers\Dashboard.php(1152): projects_overview_widget()
 8 APPPATH\Controllers\Dashboard.php(1048): App\Controllers\Dashboard->_get_widgets_for_staffs('projects_overview', [...])
 9 APPPATH\Controllers\Dashboard.php(1025): App\Controllers\Dashboard->_make_dashboard_widgets('projects_overview')
10 APPPATH\Controllers\Dashboard.php(38): App\Controllers\Dashboard->make_dashboard([...])
11 SYSTEMPATH\CodeIgniter.php(932): App\Controllers\Dashboard->index()
12 SYSTEMPATH\CodeIgniter.php(497): CodeIgniter\CodeIgniter->runController(Object(App\Controllers\Dashboard))
13 SYSTEMPATH\CodeIgniter.php(366): CodeIgniter\CodeIgniter->handleRequest(null, Object(Config\Cache), false)
14 FCPATH\index.php(80): CodeIgniter\CodeIgniter->run()
ERROR - 2024-05-31 00:13:41 --> test client_overview_data stdClass Object
(
    [total_points] => 
    [completed_points] => 
)

ERROR - 2024-05-31 00:14:09 --> TEST client_overview_data stdClass Object
(
    [total_points] => 
    [completed_points] => 
)

ERROR - 2024-05-31 00:15:01 --> TEST client_overview_data stdClass Object
(
    [total_points] => 
    [completed_points] => 
)

CRITICAL - 2024-05-31 00:18:15 --> Class "App\Models\stdClass" not found
in APPPATH\Models\Projects_model.php on line 368.
 1 APPPATH\Helpers\widget_helper.php(1464): App\Models\Projects_model->count_users_client_group()
 2 APPPATH\Controllers\Dashboard.php(1152): projects_overview_widget()
 3 APPPATH\Controllers\Dashboard.php(1048): App\Controllers\Dashboard->_get_widgets_for_staffs('projects_overview', [...])
 4 APPPATH\Controllers\Dashboard.php(1025): App\Controllers\Dashboard->_make_dashboard_widgets('projects_overview')
 5 APPPATH\Controllers\Dashboard.php(38): App\Controllers\Dashboard->make_dashboard([...])
 6 SYSTEMPATH\CodeIgniter.php(932): App\Controllers\Dashboard->index()
 7 SYSTEMPATH\CodeIgniter.php(497): CodeIgniter\CodeIgniter->runController(Object(App\Controllers\Dashboard))
 8 SYSTEMPATH\CodeIgniter.php(366): CodeIgniter\CodeIgniter->handleRequest(null, Object(Config\Cache), false)
 9 FCPATH\index.php(80): CodeIgniter\CodeIgniter->run()
ERROR - 2024-05-31 00:19:08 --> client_overview_data stdClass Object
(
    [client_total_count] => 4
    [count_no] => 2
    [count_yes] => 2
)

CRITICAL - 2024-05-31 01:32:48 --> The action you requested is not allowed.
in SYSTEMPATH\Security\Security.php on line 306.
 1 SYSTEMPATH\Security\Security.php(306): CodeIgniter\Security\Exceptions\SecurityException::forDisallowedAction()
 2 SYSTEMPATH\Filters\CSRF.php(55): CodeIgniter\Security\Security->verify(Object(CodeIgniter\HTTP\IncomingRequest))
 3 SYSTEMPATH\Filters\Filters.php(173): CodeIgniter\Filters\CSRF->before(Object(CodeIgniter\HTTP\IncomingRequest), null)
 4 SYSTEMPATH\CodeIgniter.php(471): CodeIgniter\Filters\Filters->run('team_members/save_personal_language/French', 'before')
 5 SYSTEMPATH\CodeIgniter.php(366): CodeIgniter\CodeIgniter->handleRequest(null, Object(Config\Cache), false)
 6 FCPATH\index.php(80): CodeIgniter\CodeIgniter->run()
CRITICAL - 2024-05-31 01:32:52 --> The action you requested is not allowed.
in SYSTEMPATH\Security\Security.php on line 306.
 1 SYSTEMPATH\Security\Security.php(306): CodeIgniter\Security\Exceptions\SecurityException::forDisallowedAction()
 2 SYSTEMPATH\Filters\CSRF.php(55): CodeIgniter\Security\Security->verify(Object(CodeIgniter\HTTP\IncomingRequest))
 3 SYSTEMPATH\Filters\Filters.php(173): CodeIgniter\Filters\CSRF->before(Object(CodeIgniter\HTTP\IncomingRequest), null)
 4 SYSTEMPATH\CodeIgniter.php(471): CodeIgniter\Filters\Filters->run('team_members/save_personal_language/Greek', 'before')
 5 SYSTEMPATH\CodeIgniter.php(366): CodeIgniter\CodeIgniter->handleRequest(null, Object(Config\Cache), false)
 6 FCPATH\index.php(80): CodeIgniter\CodeIgniter->run()
CRITICAL - 2024-05-31 01:32:53 --> The action you requested is not allowed.
in SYSTEMPATH\Security\Security.php on line 306.
 1 SYSTEMPATH\Security\Security.php(306): CodeIgniter\Security\Exceptions\SecurityException::forDisallowedAction()
 2 SYSTEMPATH\Filters\CSRF.php(55): CodeIgniter\Security\Security->verify(Object(CodeIgniter\HTTP\IncomingRequest))
 3 SYSTEMPATH\Filters\Filters.php(173): CodeIgniter\Filters\CSRF->before(Object(CodeIgniter\HTTP\IncomingRequest), null)
 4 SYSTEMPATH\CodeIgniter.php(471): CodeIgniter\Filters\Filters->run('team_members/save_personal_language/German', 'before')
 5 SYSTEMPATH\CodeIgniter.php(366): CodeIgniter\CodeIgniter->handleRequest(null, Object(Config\Cache), false)
 6 FCPATH\index.php(80): CodeIgniter\CodeIgniter->run()
ERROR - 2024-05-31 01:44:02 --> mysqli_sql_exception: Table 'myproject.cg' doesn't exist in C:\wamp64\www\myproject\system\Database\MySQLi\Connection.php:295
Stack trace:
#0 C:\wamp64\www\myproject\system\Database\MySQLi\Connection.php(295): mysqli->query('SELECT c.state ...', 0)
#1 C:\wamp64\www\myproject\system\Database\BaseConnection.php(692): CodeIgniter\Database\MySQLi\Connection->execute('SELECT c.state ...')
#2 C:\wamp64\www\myproject\system\Database\BaseConnection.php(606): CodeIgniter\Database\BaseConnection->simpleQuery('SELECT c.state ...')
#3 C:\wamp64\www\myproject\app\Models\Invoices_model.php(272): CodeIgniter\Database\BaseConnection->query('SELECT c.state ...')
#4 C:\wamp64\www\myproject\app\Helpers\widget_helper.php(1713): App\Models\Invoices_model->get_user_grouped_state()
#5 C:\wamp64\www\myproject\app\Controllers\Dashboard.php(1169): invoice_overview_widget()
#6 C:\wamp64\www\myproject\app\Controllers\Dashboard.php(1048): App\Controllers\Dashboard->_get_widgets_for_staffs('invoice_overvie...', Array)
#7 C:\wamp64\www\myproject\app\Controllers\Dashboard.php(1025): App\Controllers\Dashboard->_make_dashboard_widgets('invoice_overvie...')
#8 C:\wamp64\www\myproject\app\Controllers\Dashboard.php(38): App\Controllers\Dashboard->make_dashboard(Array)
#9 C:\wamp64\www\myproject\system\CodeIgniter.php(932): App\Controllers\Dashboard->index()
#10 C:\wamp64\www\myproject\system\CodeIgniter.php(497): CodeIgniter\CodeIgniter->runController(Object(App\Controllers\Dashboard))
#11 C:\wamp64\www\myproject\system\CodeIgniter.php(366): CodeIgniter\CodeIgniter->handleRequest(NULL, Object(Config\Cache), false)
#12 C:\wamp64\www\myproject\index.php(80): CodeIgniter\CodeIgniter->run()
#13 {main}
CRITICAL - 2024-05-31 01:44:02 --> Table 'myproject.cg' doesn't exist
in SYSTEMPATH\Database\MySQLi\Connection.php on line 295.
 1 SYSTEMPATH\Database\MySQLi\Connection.php(295): mysqli->query('SELECT c.state state, count(c.state) count
            FROM rise_clients c
            JOIN  cg ON FIND_IN_SET(cg.id, c.group_ids)
            WHERE cg.deleted = 0 and c.state != \'\'
            group by c.state', 0)
 2 SYSTEMPATH\Database\BaseConnection.php(692): CodeIgniter\Database\MySQLi\Connection->execute('SELECT c.state state, count(c.state) count
            FROM rise_clients c
            JOIN  cg ON FIND_IN_SET(cg.id, c.group_ids)
            WHERE cg.deleted = 0 and c.state != \'\'
            group by c.state')
 3 SYSTEMPATH\Database\BaseConnection.php(606): CodeIgniter\Database\BaseConnection->simpleQuery('SELECT c.state state, count(c.state) count
            FROM rise_clients c
            JOIN  cg ON FIND_IN_SET(cg.id, c.group_ids)
            WHERE cg.deleted = 0 and c.state != \'\'
            group by c.state')
 4 APPPATH\Models\Invoices_model.php(272): CodeIgniter\Database\BaseConnection->query('SELECT c.state state, count(c.state) count
            FROM rise_clients c
            JOIN  cg ON FIND_IN_SET(cg.id, c.group_ids)
            WHERE cg.deleted = 0 and c.state != \'\'
            group by c.state')
 5 APPPATH\Helpers\widget_helper.php(1713): App\Models\Invoices_model->get_user_grouped_state()
 6 APPPATH\Controllers\Dashboard.php(1169): invoice_overview_widget()
 7 APPPATH\Controllers\Dashboard.php(1048): App\Controllers\Dashboard->_get_widgets_for_staffs('invoice_overview', [...])
 8 APPPATH\Controllers\Dashboard.php(1025): App\Controllers\Dashboard->_make_dashboard_widgets('invoice_overview')
 9 APPPATH\Controllers\Dashboard.php(38): App\Controllers\Dashboard->make_dashboard([...])
10 SYSTEMPATH\CodeIgniter.php(932): App\Controllers\Dashboard->index()
11 SYSTEMPATH\CodeIgniter.php(497): CodeIgniter\CodeIgniter->runController(Object(App\Controllers\Dashboard))
12 SYSTEMPATH\CodeIgniter.php(366): CodeIgniter\CodeIgniter->handleRequest(null, Object(Config\Cache), false)
13 FCPATH\index.php(80): CodeIgniter\CodeIgniter->run()
ERROR - 2024-05-31 01:44:41 --> mysqli_sql_exception: You have an error in your SQL syntax; check the manual that corresponds to your MySQL server version for the right syntax to use near 'as cg ON FIND_IN_SET(cg.id, c.group_ids)
            WHERE cg.deleted = 0 and c' at line 3 in C:\wamp64\www\myproject\system\Database\MySQLi\Connection.php:295
Stack trace:
#0 C:\wamp64\www\myproject\system\Database\MySQLi\Connection.php(295): mysqli->query('SELECT c.state ...', 0)
#1 C:\wamp64\www\myproject\system\Database\BaseConnection.php(692): CodeIgniter\Database\MySQLi\Connection->execute('SELECT c.state ...')
#2 C:\wamp64\www\myproject\system\Database\BaseConnection.php(606): CodeIgniter\Database\BaseConnection->simpleQuery('SELECT c.state ...')
#3 C:\wamp64\www\myproject\app\Models\Invoices_model.php(272): CodeIgniter\Database\BaseConnection->query('SELECT c.state ...')
#4 C:\wamp64\www\myproject\app\Helpers\widget_helper.php(1713): App\Models\Invoices_model->get_user_grouped_state()
#5 C:\wamp64\www\myproject\app\Controllers\Dashboard.php(1169): invoice_overview_widget()
#6 C:\wamp64\www\myproject\app\Controllers\Dashboard.php(1048): App\Controllers\Dashboard->_get_widgets_for_staffs('invoice_overvie...', Array)
#7 C:\wamp64\www\myproject\app\Controllers\Dashboard.php(1025): App\Controllers\Dashboard->_make_dashboard_widgets('invoice_overvie...')
#8 C:\wamp64\www\myproject\app\Controllers\Dashboard.php(38): App\Controllers\Dashboard->make_dashboard(Array)
#9 C:\wamp64\www\myproject\system\CodeIgniter.php(932): App\Controllers\Dashboard->index()
#10 C:\wamp64\www\myproject\system\CodeIgniter.php(497): CodeIgniter\CodeIgniter->runController(Object(App\Controllers\Dashboard))
#11 C:\wamp64\www\myproject\system\CodeIgniter.php(366): CodeIgniter\CodeIgniter->handleRequest(NULL, Object(Config\Cache), false)
#12 C:\wamp64\www\myproject\index.php(80): CodeIgniter\CodeIgniter->run()
#13 {main}
CRITICAL - 2024-05-31 01:44:41 --> You have an error in your SQL syntax; check the manual that corresponds to your MySQL server version for the right syntax to use near 'as cg ON FIND_IN_SET(cg.id, c.group_ids)
            WHERE cg.deleted = 0 and c' at line 3
in SYSTEMPATH\Database\MySQLi\Connection.php on line 295.
 1 SYSTEMPATH\Database\MySQLi\Connection.php(295): mysqli->query('SELECT c.state as state, count(c.state) as count
            FROM rise_clients as c
            JOIN  as cg ON FIND_IN_SET(cg.id, c.group_ids)
            WHERE cg.deleted = 0 and c.state != \'\'
            group by c.state', 0)
 2 SYSTEMPATH\Database\BaseConnection.php(692): CodeIgniter\Database\MySQLi\Connection->execute('SELECT c.state as state, count(c.state) as count
            FROM rise_clients as c
            JOIN  as cg ON FIND_IN_SET(cg.id, c.group_ids)
            WHERE cg.deleted = 0 and c.state != \'\'
            group by c.state')
 3 SYSTEMPATH\Database\BaseConnection.php(606): CodeIgniter\Database\BaseConnection->simpleQuery('SELECT c.state as state, count(c.state) as count
            FROM rise_clients as c
            JOIN  as cg ON FIND_IN_SET(cg.id, c.group_ids)
            WHERE cg.deleted = 0 and c.state != \'\'
            group by c.state')
 4 APPPATH\Models\Invoices_model.php(272): CodeIgniter\Database\BaseConnection->query('SELECT c.state as state, count(c.state) as count
            FROM rise_clients as c
            JOIN  as cg ON FIND_IN_SET(cg.id, c.group_ids)
            WHERE cg.deleted = 0 and c.state != \'\'
            group by c.state')
 5 APPPATH\Helpers\widget_helper.php(1713): App\Models\Invoices_model->get_user_grouped_state()
 6 APPPATH\Controllers\Dashboard.php(1169): invoice_overview_widget()
 7 APPPATH\Controllers\Dashboard.php(1048): App\Controllers\Dashboard->_get_widgets_for_staffs('invoice_overview', [...])
 8 APPPATH\Controllers\Dashboard.php(1025): App\Controllers\Dashboard->_make_dashboard_widgets('invoice_overview')
 9 APPPATH\Controllers\Dashboard.php(38): App\Controllers\Dashboard->make_dashboard([...])
10 SYSTEMPATH\CodeIgniter.php(932): App\Controllers\Dashboard->index()
11 SYSTEMPATH\CodeIgniter.php(497): CodeIgniter\CodeIgniter->runController(Object(App\Controllers\Dashboard))
12 SYSTEMPATH\CodeIgniter.php(366): CodeIgniter\CodeIgniter->handleRequest(null, Object(Config\Cache), false)
13 FCPATH\index.php(80): CodeIgniter\CodeIgniter->run()
ERROR - 2024-05-31 01:47:26 --> mysqli_sql_exception: Table 'myproject.cg' doesn't exist in C:\wamp64\www\myproject\system\Database\MySQLi\Connection.php:295
Stack trace:
#0 C:\wamp64\www\myproject\system\Database\MySQLi\Connection.php(295): mysqli->query('SELECT rise_cli...', 0)
#1 C:\wamp64\www\myproject\system\Database\BaseConnection.php(692): CodeIgniter\Database\MySQLi\Connection->execute('SELECT rise_cli...')
#2 C:\wamp64\www\myproject\system\Database\BaseConnection.php(606): CodeIgniter\Database\BaseConnection->simpleQuery('SELECT rise_cli...')
#3 C:\wamp64\www\myproject\app\Models\Invoices_model.php(272): CodeIgniter\Database\BaseConnection->query('SELECT rise_cli...')
#4 C:\wamp64\www\myproject\app\Helpers\widget_helper.php(1713): App\Models\Invoices_model->get_user_grouped_state()
#5 C:\wamp64\www\myproject\app\Controllers\Dashboard.php(1169): invoice_overview_widget()
#6 C:\wamp64\www\myproject\app\Controllers\Dashboard.php(1048): App\Controllers\Dashboard->_get_widgets_for_staffs('invoice_overvie...', Array)
#7 C:\wamp64\www\myproject\app\Controllers\Dashboard.php(1025): App\Controllers\Dashboard->_make_dashboard_widgets('invoice_overvie...')
#8 C:\wamp64\www\myproject\app\Controllers\Dashboard.php(38): App\Controllers\Dashboard->make_dashboard(Array)
#9 C:\wamp64\www\myproject\system\CodeIgniter.php(932): App\Controllers\Dashboard->index()
#10 C:\wamp64\www\myproject\system\CodeIgniter.php(497): CodeIgniter\CodeIgniter->runController(Object(App\Controllers\Dashboard))
#11 C:\wamp64\www\myproject\system\CodeIgniter.php(366): CodeIgniter\CodeIgniter->handleRequest(NULL, Object(Config\Cache), false)
#12 C:\wamp64\www\myproject\index.php(80): CodeIgniter\CodeIgniter->run()
#13 {main}
CRITICAL - 2024-05-31 01:47:26 --> Table 'myproject.cg' doesn't exist
in SYSTEMPATH\Database\MySQLi\Connection.php on line 295.
 1 SYSTEMPATH\Database\MySQLi\Connection.php(295): mysqli->query('SELECT rise_clients.state as state, count(rise_clients.state) as count
            FROM rise_clients
            JOIN  cg ON FIND_IN_SET(cg.id, rise_clients.group_ids)
            WHERE cg.deleted = 0 and rise_clients.state != \'\'
            GROUP BY rise_clients.state', 0)
 2 SYSTEMPATH\Database\BaseConnection.php(692): CodeIgniter\Database\MySQLi\Connection->execute('SELECT rise_clients.state as state, count(rise_clients.state) as count
            FROM rise_clients
            JOIN  cg ON FIND_IN_SET(cg.id, rise_clients.group_ids)
            WHERE cg.deleted = 0 and rise_clients.state != \'\'
            GROUP BY rise_clients.state')
 3 SYSTEMPATH\Database\BaseConnection.php(606): CodeIgniter\Database\BaseConnection->simpleQuery('SELECT rise_clients.state as state, count(rise_clients.state) as count
            FROM rise_clients
            JOIN  cg ON FIND_IN_SET(cg.id, rise_clients.group_ids)
            WHERE cg.deleted = 0 and rise_clients.state != \'\'
            GROUP BY rise_clients.state')
 4 APPPATH\Models\Invoices_model.php(272): CodeIgniter\Database\BaseConnection->query('SELECT rise_clients.state as state, count(rise_clients.state) as count
            FROM rise_clients
            JOIN  cg ON FIND_IN_SET(cg.id, rise_clients.group_ids)
            WHERE cg.deleted = 0 and rise_clients.state != \'\'
            GROUP BY rise_clients.state')
 5 APPPATH\Helpers\widget_helper.php(1713): App\Models\Invoices_model->get_user_grouped_state()
 6 APPPATH\Controllers\Dashboard.php(1169): invoice_overview_widget()
 7 APPPATH\Controllers\Dashboard.php(1048): App\Controllers\Dashboard->_get_widgets_for_staffs('invoice_overview', [...])
 8 APPPATH\Controllers\Dashboard.php(1025): App\Controllers\Dashboard->_make_dashboard_widgets('invoice_overview')
 9 APPPATH\Controllers\Dashboard.php(38): App\Controllers\Dashboard->make_dashboard([...])
10 SYSTEMPATH\CodeIgniter.php(932): App\Controllers\Dashboard->index()
11 SYSTEMPATH\CodeIgniter.php(497): CodeIgniter\CodeIgniter->runController(Object(App\Controllers\Dashboard))
12 SYSTEMPATH\CodeIgniter.php(366): CodeIgniter\CodeIgniter->handleRequest(null, Object(Config\Cache), false)
13 FCPATH\index.php(80): CodeIgniter\CodeIgniter->run()
ERROR - 2024-05-31 01:47:51 --> mysqli_sql_exception: You have an error in your SQL syntax; check the manual that corresponds to your MySQL server version for the right syntax to use near 'ON FIND_IN_SET(.id, rise_clients.group_ids)
            WHERE .deleted = 0 and ' at line 3 in C:\wamp64\www\myproject\system\Database\MySQLi\Connection.php:295
Stack trace:
#0 C:\wamp64\www\myproject\system\Database\MySQLi\Connection.php(295): mysqli->query('SELECT rise_cli...', 0)
#1 C:\wamp64\www\myproject\system\Database\BaseConnection.php(692): CodeIgniter\Database\MySQLi\Connection->execute('SELECT rise_cli...')
#2 C:\wamp64\www\myproject\system\Database\BaseConnection.php(606): CodeIgniter\Database\BaseConnection->simpleQuery('SELECT rise_cli...')
#3 C:\wamp64\www\myproject\app\Models\Invoices_model.php(272): CodeIgniter\Database\BaseConnection->query('SELECT rise_cli...')
#4 C:\wamp64\www\myproject\app\Helpers\widget_helper.php(1713): App\Models\Invoices_model->get_user_grouped_state()
#5 C:\wamp64\www\myproject\app\Controllers\Dashboard.php(1169): invoice_overview_widget()
#6 C:\wamp64\www\myproject\app\Controllers\Dashboard.php(1048): App\Controllers\Dashboard->_get_widgets_for_staffs('invoice_overvie...', Array)
#7 C:\wamp64\www\myproject\app\Controllers\Dashboard.php(1025): App\Controllers\Dashboard->_make_dashboard_widgets('invoice_overvie...')
#8 C:\wamp64\www\myproject\app\Controllers\Dashboard.php(38): App\Controllers\Dashboard->make_dashboard(Array)
#9 C:\wamp64\www\myproject\system\CodeIgniter.php(932): App\Controllers\Dashboard->index()
#10 C:\wamp64\www\myproject\system\CodeIgniter.php(497): CodeIgniter\CodeIgniter->runController(Object(App\Controllers\Dashboard))
#11 C:\wamp64\www\myproject\system\CodeIgniter.php(366): CodeIgniter\CodeIgniter->handleRequest(NULL, Object(Config\Cache), false)
#12 C:\wamp64\www\myproject\index.php(80): CodeIgniter\CodeIgniter->run()
#13 {main}
CRITICAL - 2024-05-31 01:47:51 --> You have an error in your SQL syntax; check the manual that corresponds to your MySQL server version for the right syntax to use near 'ON FIND_IN_SET(.id, rise_clients.group_ids)
            WHERE .deleted = 0 and ' at line 3
in SYSTEMPATH\Database\MySQLi\Connection.php on line 295.
 1 SYSTEMPATH\Database\MySQLi\Connection.php(295): mysqli->query('SELECT rise_clients.state as state, count(rise_clients.state) as count
            FROM rise_clients
            JOIN  ON FIND_IN_SET(.id, rise_clients.group_ids)
            WHERE .deleted = 0 and rise_clients.state != \'\'
            GROUP BY rise_clients.state', 0)
 2 SYSTEMPATH\Database\BaseConnection.php(692): CodeIgniter\Database\MySQLi\Connection->execute('SELECT rise_clients.state as state, count(rise_clients.state) as count
            FROM rise_clients
            JOIN  ON FIND_IN_SET(.id, rise_clients.group_ids)
            WHERE .deleted = 0 and rise_clients.state != \'\'
            GROUP BY rise_clients.state')
 3 SYSTEMPATH\Database\BaseConnection.php(606): CodeIgniter\Database\BaseConnection->simpleQuery('SELECT rise_clients.state as state, count(rise_clients.state) as count
            FROM rise_clients
            JOIN  ON FIND_IN_SET(.id, rise_clients.group_ids)
            WHERE .deleted = 0 and rise_clients.state != \'\'
            GROUP BY rise_clients.state')
 4 APPPATH\Models\Invoices_model.php(272): CodeIgniter\Database\BaseConnection->query('SELECT rise_clients.state as state, count(rise_clients.state) as count
            FROM rise_clients
            JOIN  ON FIND_IN_SET(.id, rise_clients.group_ids)
            WHERE .deleted = 0 and rise_clients.state != \'\'
            GROUP BY rise_clients.state')
 5 APPPATH\Helpers\widget_helper.php(1713): App\Models\Invoices_model->get_user_grouped_state()
 6 APPPATH\Controllers\Dashboard.php(1169): invoice_overview_widget()
 7 APPPATH\Controllers\Dashboard.php(1048): App\Controllers\Dashboard->_get_widgets_for_staffs('invoice_overview', [...])
 8 APPPATH\Controllers\Dashboard.php(1025): App\Controllers\Dashboard->_make_dashboard_widgets('invoice_overview')
 9 APPPATH\Controllers\Dashboard.php(38): App\Controllers\Dashboard->make_dashboard([...])
10 SYSTEMPATH\CodeIgniter.php(932): App\Controllers\Dashboard->index()
11 SYSTEMPATH\CodeIgniter.php(497): CodeIgniter\CodeIgniter->runController(Object(App\Controllers\Dashboard))
12 SYSTEMPATH\CodeIgniter.php(366): CodeIgniter\CodeIgniter->handleRequest(null, Object(Config\Cache), false)
13 FCPATH\index.php(80): CodeIgniter\CodeIgniter->run()
ERROR - 2024-05-31 01:49:11 --> mysqli_sql_exception: You have an error in your SQL syntax; check the manual that corresponds to your MySQL server version for the right syntax to use near 'as cg ON FIND_IN_SET(cg.id, c.group_ids)
            WHERE c.deleted = 0 and c.' at line 3 in C:\wamp64\www\myproject\system\Database\MySQLi\Connection.php:295
Stack trace:
#0 C:\wamp64\www\myproject\system\Database\MySQLi\Connection.php(295): mysqli->query('SELECT rise_cli...', 0)
#1 C:\wamp64\www\myproject\system\Database\BaseConnection.php(692): CodeIgniter\Database\MySQLi\Connection->execute('SELECT rise_cli...')
#2 C:\wamp64\www\myproject\system\Database\BaseConnection.php(606): CodeIgniter\Database\BaseConnection->simpleQuery('SELECT rise_cli...')
#3 C:\wamp64\www\myproject\app\Models\Invoices_model.php(272): CodeIgniter\Database\BaseConnection->query('SELECT rise_cli...')
#4 C:\wamp64\www\myproject\app\Helpers\widget_helper.php(1713): App\Models\Invoices_model->get_user_grouped_state()
#5 C:\wamp64\www\myproject\app\Controllers\Dashboard.php(1169): invoice_overview_widget()
#6 C:\wamp64\www\myproject\app\Controllers\Dashboard.php(1048): App\Controllers\Dashboard->_get_widgets_for_staffs('invoice_overvie...', Array)
#7 C:\wamp64\www\myproject\app\Controllers\Dashboard.php(1025): App\Controllers\Dashboard->_make_dashboard_widgets('invoice_overvie...')
#8 C:\wamp64\www\myproject\app\Controllers\Dashboard.php(38): App\Controllers\Dashboard->make_dashboard(Array)
#9 C:\wamp64\www\myproject\system\CodeIgniter.php(932): App\Controllers\Dashboard->index()
#10 C:\wamp64\www\myproject\system\CodeIgniter.php(497): CodeIgniter\CodeIgniter->runController(Object(App\Controllers\Dashboard))
#11 C:\wamp64\www\myproject\system\CodeIgniter.php(366): CodeIgniter\CodeIgniter->handleRequest(NULL, Object(Config\Cache), false)
#12 C:\wamp64\www\myproject\index.php(80): CodeIgniter\CodeIgniter->run()
#13 {main}
CRITICAL - 2024-05-31 01:49:11 --> You have an error in your SQL syntax; check the manual that corresponds to your MySQL server version for the right syntax to use near 'as cg ON FIND_IN_SET(cg.id, c.group_ids)
            WHERE c.deleted = 0 and c.' at line 3
in SYSTEMPATH\Database\MySQLi\Connection.php on line 295.
 1 SYSTEMPATH\Database\MySQLi\Connection.php(295): mysqli->query('SELECT rise_clients.state, count(rise_clients.state) as count
            FROM rise_clients as c
            JOIN  as cg ON FIND_IN_SET(cg.id, c.group_ids)
            WHERE c.deleted = 0 and c.state != \'\'
            GROUP BY c.state', 0)
 2 SYSTEMPATH\Database\BaseConnection.php(692): CodeIgniter\Database\MySQLi\Connection->execute('SELECT rise_clients.state, count(rise_clients.state) as count
            FROM rise_clients as c
            JOIN  as cg ON FIND_IN_SET(cg.id, c.group_ids)
            WHERE c.deleted = 0 and c.state != \'\'
            GROUP BY c.state')
 3 SYSTEMPATH\Database\BaseConnection.php(606): CodeIgniter\Database\BaseConnection->simpleQuery('SELECT rise_clients.state, count(rise_clients.state) as count
            FROM rise_clients as c
            JOIN  as cg ON FIND_IN_SET(cg.id, c.group_ids)
            WHERE c.deleted = 0 and c.state != \'\'
            GROUP BY c.state')
 4 APPPATH\Models\Invoices_model.php(272): CodeIgniter\Database\BaseConnection->query('SELECT rise_clients.state, count(rise_clients.state) as count
            FROM rise_clients as c
            JOIN  as cg ON FIND_IN_SET(cg.id, c.group_ids)
            WHERE c.deleted = 0 and c.state != \'\'
            GROUP BY c.state')
 5 APPPATH\Helpers\widget_helper.php(1713): App\Models\Invoices_model->get_user_grouped_state()
 6 APPPATH\Controllers\Dashboard.php(1169): invoice_overview_widget()
 7 APPPATH\Controllers\Dashboard.php(1048): App\Controllers\Dashboard->_get_widgets_for_staffs('invoice_overview', [...])
 8 APPPATH\Controllers\Dashboard.php(1025): App\Controllers\Dashboard->_make_dashboard_widgets('invoice_overview')
 9 APPPATH\Controllers\Dashboard.php(38): App\Controllers\Dashboard->make_dashboard([...])
10 SYSTEMPATH\CodeIgniter.php(932): App\Controllers\Dashboard->index()
11 SYSTEMPATH\CodeIgniter.php(497): CodeIgniter\CodeIgniter->runController(Object(App\Controllers\Dashboard))
12 SYSTEMPATH\CodeIgniter.php(366): CodeIgniter\CodeIgniter->handleRequest(null, Object(Config\Cache), false)
13 FCPATH\index.php(80): CodeIgniter\CodeIgniter->run()
ERROR - 2024-05-31 01:49:12 --> mysqli_sql_exception: You have an error in your SQL syntax; check the manual that corresponds to your MySQL server version for the right syntax to use near 'as cg ON FIND_IN_SET(cg.id, c.group_ids)
            WHERE c.deleted = 0 and c.' at line 3 in C:\wamp64\www\myproject\system\Database\MySQLi\Connection.php:295
Stack trace:
#0 C:\wamp64\www\myproject\system\Database\MySQLi\Connection.php(295): mysqli->query('SELECT rise_cli...', 0)
#1 C:\wamp64\www\myproject\system\Database\BaseConnection.php(692): CodeIgniter\Database\MySQLi\Connection->execute('SELECT rise_cli...')
#2 C:\wamp64\www\myproject\system\Database\BaseConnection.php(606): CodeIgniter\Database\BaseConnection->simpleQuery('SELECT rise_cli...')
#3 C:\wamp64\www\myproject\app\Models\Invoices_model.php(272): CodeIgniter\Database\BaseConnection->query('SELECT rise_cli...')
#4 C:\wamp64\www\myproject\app\Helpers\widget_helper.php(1713): App\Models\Invoices_model->get_user_grouped_state()
#5 C:\wamp64\www\myproject\app\Controllers\Dashboard.php(1169): invoice_overview_widget()
#6 C:\wamp64\www\myproject\app\Controllers\Dashboard.php(1048): App\Controllers\Dashboard->_get_widgets_for_staffs('invoice_overvie...', Array)
#7 C:\wamp64\www\myproject\app\Controllers\Dashboard.php(1025): App\Controllers\Dashboard->_make_dashboard_widgets('invoice_overvie...')
#8 C:\wamp64\www\myproject\app\Controllers\Dashboard.php(38): App\Controllers\Dashboard->make_dashboard(Array)
#9 C:\wamp64\www\myproject\system\CodeIgniter.php(932): App\Controllers\Dashboard->index()
#10 C:\wamp64\www\myproject\system\CodeIgniter.php(497): CodeIgniter\CodeIgniter->runController(Object(App\Controllers\Dashboard))
#11 C:\wamp64\www\myproject\system\CodeIgniter.php(366): CodeIgniter\CodeIgniter->handleRequest(NULL, Object(Config\Cache), false)
#12 C:\wamp64\www\myproject\index.php(80): CodeIgniter\CodeIgniter->run()
#13 {main}
CRITICAL - 2024-05-31 01:49:12 --> You have an error in your SQL syntax; check the manual that corresponds to your MySQL server version for the right syntax to use near 'as cg ON FIND_IN_SET(cg.id, c.group_ids)
            WHERE c.deleted = 0 and c.' at line 3
in SYSTEMPATH\Database\MySQLi\Connection.php on line 295.
 1 SYSTEMPATH\Database\MySQLi\Connection.php(295): mysqli->query('SELECT rise_clients.state, count(rise_clients.state) as count
            FROM rise_clients as c
            JOIN  as cg ON FIND_IN_SET(cg.id, c.group_ids)
            WHERE c.deleted = 0 and c.state != \'\'
            GROUP BY c.state', 0)
 2 SYSTEMPATH\Database\BaseConnection.php(692): CodeIgniter\Database\MySQLi\Connection->execute('SELECT rise_clients.state, count(rise_clients.state) as count
            FROM rise_clients as c
            JOIN  as cg ON FIND_IN_SET(cg.id, c.group_ids)
            WHERE c.deleted = 0 and c.state != \'\'
            GROUP BY c.state')
 3 SYSTEMPATH\Database\BaseConnection.php(606): CodeIgniter\Database\BaseConnection->simpleQuery('SELECT rise_clients.state, count(rise_clients.state) as count
            FROM rise_clients as c
            JOIN  as cg ON FIND_IN_SET(cg.id, c.group_ids)
            WHERE c.deleted = 0 and c.state != \'\'
            GROUP BY c.state')
 4 APPPATH\Models\Invoices_model.php(272): CodeIgniter\Database\BaseConnection->query('SELECT rise_clients.state, count(rise_clients.state) as count
            FROM rise_clients as c
            JOIN  as cg ON FIND_IN_SET(cg.id, c.group_ids)
            WHERE c.deleted = 0 and c.state != \'\'
            GROUP BY c.state')
 5 APPPATH\Helpers\widget_helper.php(1713): App\Models\Invoices_model->get_user_grouped_state()
 6 APPPATH\Controllers\Dashboard.php(1169): invoice_overview_widget()
 7 APPPATH\Controllers\Dashboard.php(1048): App\Controllers\Dashboard->_get_widgets_for_staffs('invoice_overview', [...])
 8 APPPATH\Controllers\Dashboard.php(1025): App\Controllers\Dashboard->_make_dashboard_widgets('invoice_overview')
 9 APPPATH\Controllers\Dashboard.php(38): App\Controllers\Dashboard->make_dashboard([...])
10 SYSTEMPATH\CodeIgniter.php(932): App\Controllers\Dashboard->index()
11 SYSTEMPATH\CodeIgniter.php(497): CodeIgniter\CodeIgniter->runController(Object(App\Controllers\Dashboard))
12 SYSTEMPATH\CodeIgniter.php(366): CodeIgniter\CodeIgniter->handleRequest(null, Object(Config\Cache), false)
13 FCPATH\index.php(80): CodeIgniter\CodeIgniter->run()
ERROR - 2024-05-31 01:49:24 --> mysqli_sql_exception: Table 'myproject.cg' doesn't exist in C:\wamp64\www\myproject\system\Database\MySQLi\Connection.php:295
Stack trace:
#0 C:\wamp64\www\myproject\system\Database\MySQLi\Connection.php(295): mysqli->query('SELECT rise_cli...', 0)
#1 C:\wamp64\www\myproject\system\Database\BaseConnection.php(692): CodeIgniter\Database\MySQLi\Connection->execute('SELECT rise_cli...')
#2 C:\wamp64\www\myproject\system\Database\BaseConnection.php(606): CodeIgniter\Database\BaseConnection->simpleQuery('SELECT rise_cli...')
#3 C:\wamp64\www\myproject\app\Models\Invoices_model.php(272): CodeIgniter\Database\BaseConnection->query('SELECT rise_cli...')
#4 C:\wamp64\www\myproject\app\Helpers\widget_helper.php(1713): App\Models\Invoices_model->get_user_grouped_state()
#5 C:\wamp64\www\myproject\app\Controllers\Dashboard.php(1169): invoice_overview_widget()
#6 C:\wamp64\www\myproject\app\Controllers\Dashboard.php(1048): App\Controllers\Dashboard->_get_widgets_for_staffs('invoice_overvie...', Array)
#7 C:\wamp64\www\myproject\app\Controllers\Dashboard.php(1025): App\Controllers\Dashboard->_make_dashboard_widgets('invoice_overvie...')
#8 C:\wamp64\www\myproject\app\Controllers\Dashboard.php(38): App\Controllers\Dashboard->make_dashboard(Array)
#9 C:\wamp64\www\myproject\system\CodeIgniter.php(932): App\Controllers\Dashboard->index()
#10 C:\wamp64\www\myproject\system\CodeIgniter.php(497): CodeIgniter\CodeIgniter->runController(Object(App\Controllers\Dashboard))
#11 C:\wamp64\www\myproject\system\CodeIgniter.php(366): CodeIgniter\CodeIgniter->handleRequest(NULL, Object(Config\Cache), false)
#12 C:\wamp64\www\myproject\index.php(80): CodeIgniter\CodeIgniter->run()
#13 {main}
CRITICAL - 2024-05-31 01:49:24 --> Table 'myproject.cg' doesn't exist
in SYSTEMPATH\Database\MySQLi\Connection.php on line 295.
 1 SYSTEMPATH\Database\MySQLi\Connection.php(295): mysqli->query('SELECT rise_clients.state, count(rise_clients.state) as count
            FROM rise_clients as c
            JOIN  cg ON FIND_IN_SET(cg.id, c.group_ids)
            WHERE c.deleted = 0 and c.state != \'\'
            GROUP BY c.state', 0)
 2 SYSTEMPATH\Database\BaseConnection.php(692): CodeIgniter\Database\MySQLi\Connection->execute('SELECT rise_clients.state, count(rise_clients.state) as count
            FROM rise_clients as c
            JOIN  cg ON FIND_IN_SET(cg.id, c.group_ids)
            WHERE c.deleted = 0 and c.state != \'\'
            GROUP BY c.state')
 3 SYSTEMPATH\Database\BaseConnection.php(606): CodeIgniter\Database\BaseConnection->simpleQuery('SELECT rise_clients.state, count(rise_clients.state) as count
            FROM rise_clients as c
            JOIN  cg ON FIND_IN_SET(cg.id, c.group_ids)
            WHERE c.deleted = 0 and c.state != \'\'
            GROUP BY c.state')
 4 APPPATH\Models\Invoices_model.php(272): CodeIgniter\Database\BaseConnection->query('SELECT rise_clients.state, count(rise_clients.state) as count
            FROM rise_clients as c
            JOIN  cg ON FIND_IN_SET(cg.id, c.group_ids)
            WHERE c.deleted = 0 and c.state != \'\'
            GROUP BY c.state')
 5 APPPATH\Helpers\widget_helper.php(1713): App\Models\Invoices_model->get_user_grouped_state()
 6 APPPATH\Controllers\Dashboard.php(1169): invoice_overview_widget()
 7 APPPATH\Controllers\Dashboard.php(1048): App\Controllers\Dashboard->_get_widgets_for_staffs('invoice_overview', [...])
 8 APPPATH\Controllers\Dashboard.php(1025): App\Controllers\Dashboard->_make_dashboard_widgets('invoice_overview')
 9 APPPATH\Controllers\Dashboard.php(38): App\Controllers\Dashboard->make_dashboard([...])
10 SYSTEMPATH\CodeIgniter.php(932): App\Controllers\Dashboard->index()
11 SYSTEMPATH\CodeIgniter.php(497): CodeIgniter\CodeIgniter->runController(Object(App\Controllers\Dashboard))
12 SYSTEMPATH\CodeIgniter.php(366): CodeIgniter\CodeIgniter->handleRequest(null, Object(Config\Cache), false)
13 FCPATH\index.php(80): CodeIgniter\CodeIgniter->run()
ERROR - 2024-05-31 01:51:08 --> mysqli_sql_exception: Unknown column 'rise_clients.state' in 'field list' in C:\wamp64\www\myproject\system\Database\MySQLi\Connection.php:295
Stack trace:
#0 C:\wamp64\www\myproject\system\Database\MySQLi\Connection.php(295): mysqli->query('SELECT rise_cli...', 0)
#1 C:\wamp64\www\myproject\system\Database\BaseConnection.php(692): CodeIgniter\Database\MySQLi\Connection->execute('SELECT rise_cli...')
#2 C:\wamp64\www\myproject\system\Database\BaseConnection.php(606): CodeIgniter\Database\BaseConnection->simpleQuery('SELECT rise_cli...')
#3 C:\wamp64\www\myproject\app\Models\Invoices_model.php(272): CodeIgniter\Database\BaseConnection->query('SELECT rise_cli...')
#4 C:\wamp64\www\myproject\app\Helpers\widget_helper.php(1713): App\Models\Invoices_model->get_user_grouped_state()
#5 C:\wamp64\www\myproject\app\Controllers\Dashboard.php(1169): invoice_overview_widget()
#6 C:\wamp64\www\myproject\app\Controllers\Dashboard.php(1048): App\Controllers\Dashboard->_get_widgets_for_staffs('invoice_overvie...', Array)
#7 C:\wamp64\www\myproject\app\Controllers\Dashboard.php(1025): App\Controllers\Dashboard->_make_dashboard_widgets('invoice_overvie...')
#8 C:\wamp64\www\myproject\app\Controllers\Dashboard.php(38): App\Controllers\Dashboard->make_dashboard(Array)
#9 C:\wamp64\www\myproject\system\CodeIgniter.php(932): App\Controllers\Dashboard->index()
#10 C:\wamp64\www\myproject\system\CodeIgniter.php(497): CodeIgniter\CodeIgniter->runController(Object(App\Controllers\Dashboard))
#11 C:\wamp64\www\myproject\system\CodeIgniter.php(366): CodeIgniter\CodeIgniter->handleRequest(NULL, Object(Config\Cache), false)
#12 C:\wamp64\www\myproject\index.php(80): CodeIgniter\CodeIgniter->run()
#13 {main}
CRITICAL - 2024-05-31 01:51:08 --> Unknown column 'rise_clients.state' in 'field list'
in SYSTEMPATH\Database\MySQLi\Connection.php on line 295.
 1 SYSTEMPATH\Database\MySQLi\Connection.php(295): mysqli->query('SELECT rise_clients.state, count(c.state) as count
            FROM rise_clients c
            JOIN rise_client_groups cg ON FIND_IN_SET(cg.id, c.group_ids)
            WHERE c.deleted = 0 and c.state != \'\'
            GROUP BY c.state', 0)
 2 SYSTEMPATH\Database\BaseConnection.php(692): CodeIgniter\Database\MySQLi\Connection->execute('SELECT rise_clients.state, count(c.state) as count
            FROM rise_clients c
            JOIN rise_client_groups cg ON FIND_IN_SET(cg.id, c.group_ids)
            WHERE c.deleted = 0 and c.state != \'\'
            GROUP BY c.state')
 3 SYSTEMPATH\Database\BaseConnection.php(606): CodeIgniter\Database\BaseConnection->simpleQuery('SELECT rise_clients.state, count(c.state) as count
            FROM rise_clients c
            JOIN rise_client_groups cg ON FIND_IN_SET(cg.id, c.group_ids)
            WHERE c.deleted = 0 and c.state != \'\'
            GROUP BY c.state')
 4 APPPATH\Models\Invoices_model.php(272): CodeIgniter\Database\BaseConnection->query('SELECT rise_clients.state, count(c.state) as count
            FROM rise_clients c
            JOIN rise_client_groups cg ON FIND_IN_SET(cg.id, c.group_ids)
            WHERE c.deleted = 0 and c.state != \'\'
            GROUP BY c.state')
 5 APPPATH\Helpers\widget_helper.php(1713): App\Models\Invoices_model->get_user_grouped_state()
 6 APPPATH\Controllers\Dashboard.php(1169): invoice_overview_widget()
 7 APPPATH\Controllers\Dashboard.php(1048): App\Controllers\Dashboard->_get_widgets_for_staffs('invoice_overview', [...])
 8 APPPATH\Controllers\Dashboard.php(1025): App\Controllers\Dashboard->_make_dashboard_widgets('invoice_overview')
 9 APPPATH\Controllers\Dashboard.php(38): App\Controllers\Dashboard->make_dashboard([...])
10 SYSTEMPATH\CodeIgniter.php(932): App\Controllers\Dashboard->index()
11 SYSTEMPATH\CodeIgniter.php(497): CodeIgniter\CodeIgniter->runController(Object(App\Controllers\Dashboard))
12 SYSTEMPATH\CodeIgniter.php(366): CodeIgniter\CodeIgniter->handleRequest(null, Object(Config\Cache), false)
13 FCPATH\index.php(80): CodeIgniter\CodeIgniter->run()
CRITICAL - 2024-05-31 01:51:33 --> Call to undefined function App\Models\getResult()
in APPPATH\Models\Invoices_model.php on line 272.
 1 APPPATH\Helpers\widget_helper.php(1713): App\Models\Invoices_model->get_user_grouped_state()
 2 APPPATH\Controllers\Dashboard.php(1169): invoice_overview_widget()
 3 APPPATH\Controllers\Dashboard.php(1048): App\Controllers\Dashboard->_get_widgets_for_staffs('invoice_overview', [...])
 4 APPPATH\Controllers\Dashboard.php(1025): App\Controllers\Dashboard->_make_dashboard_widgets('invoice_overview')
 5 APPPATH\Controllers\Dashboard.php(38): App\Controllers\Dashboard->make_dashboard([...])
 6 SYSTEMPATH\CodeIgniter.php(932): App\Controllers\Dashboard->index()
 7 SYSTEMPATH\CodeIgniter.php(497): CodeIgniter\CodeIgniter->runController(Object(App\Controllers\Dashboard))
 8 SYSTEMPATH\CodeIgniter.php(366): CodeIgniter\CodeIgniter->handleRequest(null, Object(Config\Cache), false)
 9 FCPATH\index.php(80): CodeIgniter\CodeIgniter->run()
CRITICAL - 2024-05-31 01:53:32 --> Call to undefined function App\Models\getResult()
in APPPATH\Models\Invoices_model.php on line 272.
 1 APPPATH\Helpers\widget_helper.php(1713): App\Models\Invoices_model->get_user_grouped_state()
 2 APPPATH\Controllers\Dashboard.php(1169): invoice_overview_widget()
 3 APPPATH\Controllers\Dashboard.php(1048): App\Controllers\Dashboard->_get_widgets_for_staffs('invoice_overview', [...])
 4 APPPATH\Controllers\Dashboard.php(1025): App\Controllers\Dashboard->_make_dashboard_widgets('invoice_overview')
 5 APPPATH\Controllers\Dashboard.php(38): App\Controllers\Dashboard->make_dashboard([...])
 6 SYSTEMPATH\CodeIgniter.php(932): App\Controllers\Dashboard->index()
 7 SYSTEMPATH\CodeIgniter.php(497): CodeIgniter\CodeIgniter->runController(Object(App\Controllers\Dashboard))
 8 SYSTEMPATH\CodeIgniter.php(366): CodeIgniter\CodeIgniter->handleRequest(null, Object(Config\Cache), false)
 9 FCPATH\index.php(80): CodeIgniter\CodeIgniter->run()
ERROR - 2024-05-31 01:54:17 --> client_state_data stdClass Object
(
    [count_arkhangai] => 1
    [count_bzd] => 3
    [count_songino khairkhan] => 1
)

ERROR - 2024-05-31 01:58:18 --> client_state_data stdClass Object
(
    [count_] => 1
    [count_arkhangai] => 1
    [count_bzd] => 3
    [count_songino khairkhan] => 1
)

ERROR - 2024-05-31 01:59:28 --> counts Array
(
    [0] => stdClass Object
        (
            [state] => 
            [count] => 1
        )

    [1] => stdClass Object
        (
            [state] => Arkhangai
            [count] => 1
        )

    [2] => stdClass Object
        (
            [state] => BZD
            [count] => 3
        )

    [3] => stdClass Object
        (
            [state] => Songino khairkhan
            [count] => 1
        )

)

ERROR - 2024-05-31 01:59:28 --> client_state_data stdClass Object
(
    [count_] => 1
    [count_arkhangai] => 1
    [count_bzd] => 3
    [count_songino khairkhan] => 1
)

ERROR - 2024-05-31 02:02:16 --> counts Array
(
    [0] => stdClass Object
        (
            [state] => 
            [count] => 1
        )

    [1] => stdClass Object
        (
            [state] => Arkhangai
            [count] => 1
        )

    [2] => stdClass Object
        (
            [state] => BZD
            [count] => 3
        )

    [3] => stdClass Object
        (
            [state] => Songino khairkhan
            [count] => 1
        )

)

ERROR - 2024-05-31 02:02:16 --> client_state_data stdClass Object
(
    [count_] => 1
    [count_arkhangai] => 1
    [count_bzd] => 3
    [count_songino khairkhan] => 1
)

ERROR - 2024-05-31 02:04:08 --> counts Array
(
    [0] => stdClass Object
        (
            [state] => BZD
        )

    [1] => stdClass Object
        (
            [state] => BZD
        )

    [2] => stdClass Object
        (
            [state] => 
        )

    [3] => stdClass Object
        (
            [state] => Arkhangai
        )

    [4] => stdClass Object
        (
            [state] => BZD
        )

    [5] => stdClass Object
        (
            [state] => Songino khairkhan
        )

)

CRITICAL - 2024-05-31 02:04:08 --> Undefined property: stdClass::$count
in APPPATH\Models\Invoices_model.php on line 277.
 1 APPPATH\Models\Invoices_model.php(277): CodeIgniter\Debug\Exceptions->errorHandler(2, 'Undefined property: stdClass::$count', 'C:\\wamp64\\www\\myproject\\app\\Models\\Invoices_model.php', 277)
 2 APPPATH\Helpers\widget_helper.php(1713): App\Models\Invoices_model->get_user_grouped_state()
 3 APPPATH\Controllers\Dashboard.php(1169): invoice_overview_widget()
 4 APPPATH\Controllers\Dashboard.php(1048): App\Controllers\Dashboard->_get_widgets_for_staffs('invoice_overview', [...])
 5 APPPATH\Controllers\Dashboard.php(1025): App\Controllers\Dashboard->_make_dashboard_widgets('invoice_overview')
 6 APPPATH\Controllers\Dashboard.php(38): App\Controllers\Dashboard->make_dashboard([...])
 7 SYSTEMPATH\CodeIgniter.php(932): App\Controllers\Dashboard->index()
 8 SYSTEMPATH\CodeIgniter.php(497): CodeIgniter\CodeIgniter->runController(Object(App\Controllers\Dashboard))
 9 SYSTEMPATH\CodeIgniter.php(366): CodeIgniter\CodeIgniter->handleRequest(null, Object(Config\Cache), false)
10 FCPATH\index.php(80): CodeIgniter\CodeIgniter->run()
ERROR - 2024-05-31 02:04:18 --> counts Array
(
    [0] => stdClass Object
        (
            [state] => BZD
        )

    [1] => stdClass Object
        (
            [state] => BZD
        )

    [2] => stdClass Object
        (
            [state] => 
        )

    [3] => stdClass Object
        (
            [state] => Arkhangai
        )

    [4] => stdClass Object
        (
            [state] => BZD
        )

    [5] => stdClass Object
        (
            [state] => Songino khairkhan
        )

)

CRITICAL - 2024-05-31 02:04:18 --> Undefined variable $result
in APPPATH\Models\Invoices_model.php on line 280.
 1 APPPATH\Models\Invoices_model.php(280): CodeIgniter\Debug\Exceptions->errorHandler(2, 'Undefined variable $result', 'C:\\wamp64\\www\\myproject\\app\\Models\\Invoices_model.php', 280)
 2 APPPATH\Helpers\widget_helper.php(1713): App\Models\Invoices_model->get_user_grouped_state()
 3 APPPATH\Controllers\Dashboard.php(1169): invoice_overview_widget()
 4 APPPATH\Controllers\Dashboard.php(1048): App\Controllers\Dashboard->_get_widgets_for_staffs('invoice_overview', [...])
 5 APPPATH\Controllers\Dashboard.php(1025): App\Controllers\Dashboard->_make_dashboard_widgets('invoice_overview')
 6 APPPATH\Controllers\Dashboard.php(38): App\Controllers\Dashboard->make_dashboard([...])
 7 SYSTEMPATH\CodeIgniter.php(932): App\Controllers\Dashboard->index()
 8 SYSTEMPATH\CodeIgniter.php(497): CodeIgniter\CodeIgniter->runController(Object(App\Controllers\Dashboard))
 9 SYSTEMPATH\CodeIgniter.php(366): CodeIgniter\CodeIgniter->handleRequest(null, Object(Config\Cache), false)
10 FCPATH\index.php(80): CodeIgniter\CodeIgniter->run()
ERROR - 2024-05-31 02:04:30 --> counts Array
(
    [0] => stdClass Object
        (
            [state] => BZD
        )

    [1] => stdClass Object
        (
            [state] => BZD
        )

    [2] => stdClass Object
        (
            [state] => 
        )

    [3] => stdClass Object
        (
            [state] => Arkhangai
        )

    [4] => stdClass Object
        (
            [state] => BZD
        )

    [5] => stdClass Object
        (
            [state] => Songino khairkhan
        )

)

ERROR - 2024-05-31 02:04:30 --> client_state_data stdClass Object
(
    [0] => stdClass Object
        (
            [state] => BZD
        )

    [1] => stdClass Object
        (
            [state] => BZD
        )

    [2] => stdClass Object
        (
            [state] => 
        )

    [3] => stdClass Object
        (
            [state] => Arkhangai
        )

    [4] => stdClass Object
        (
            [state] => BZD
        )

    [5] => stdClass Object
        (
            [state] => Songino khairkhan
        )

)

CRITICAL - 2024-05-31 02:06:24 --> Undefined variable $client_state_data
in APPPATH\Models\Invoices_model.php on line 274.
 1 APPPATH\Models\Invoices_model.php(274): CodeIgniter\Debug\Exceptions->errorHandler(2, 'Undefined variable $client_state_data', 'C:\\wamp64\\www\\myproject\\app\\Models\\Invoices_model.php', 274)
 2 APPPATH\Helpers\widget_helper.php(1713): App\Models\Invoices_model->get_user_grouped_state()
 3 APPPATH\Controllers\Dashboard.php(1169): invoice_overview_widget()
 4 APPPATH\Controllers\Dashboard.php(1048): App\Controllers\Dashboard->_get_widgets_for_staffs('invoice_overview', [...])
 5 APPPATH\Controllers\Dashboard.php(1025): App\Controllers\Dashboard->_make_dashboard_widgets('invoice_overview')
 6 APPPATH\Controllers\Dashboard.php(38): App\Controllers\Dashboard->make_dashboard([...])
 7 SYSTEMPATH\CodeIgniter.php(932): App\Controllers\Dashboard->index()
 8 SYSTEMPATH\CodeIgniter.php(497): CodeIgniter\CodeIgniter->runController(Object(App\Controllers\Dashboard))
 9 SYSTEMPATH\CodeIgniter.php(366): CodeIgniter\CodeIgniter->handleRequest(null, Object(Config\Cache), false)
10 FCPATH\index.php(80): CodeIgniter\CodeIgniter->run()
ERROR - 2024-05-31 02:07:02 --> counts Array
(
    [0] => stdClass Object
        (
            [state] => 
            [count] => 1
        )

    [1] => stdClass Object
        (
            [state] => Arkhangai
            [count] => 1
        )

    [2] => stdClass Object
        (
            [state] => BZD
            [count] => 2
        )

)

ERROR - 2024-05-31 02:07:02 --> client_state_data stdClass Object
(
    [count_] => 1
    [count_arkhangai] => 1
    [count_bzd] => 2
)

ERROR - 2024-05-31 02:08:36 --> client_state_data Array
(
    [count_] => 1
    [count_arkhangai] => 1
    [count_bzd] => 2
)

ERROR - 2024-05-31 02:09:33 --> client_state_data Array
(
    [count_] => 1
    [count_arkhangai] => 1
    [count_bzd] => 2
)

ERROR - 2024-05-31 02:09:33 --> item test 1
ERROR - 2024-05-31 02:09:33 --> item test 1
ERROR - 2024-05-31 02:09:33 --> item test 2
CRITICAL - 2024-05-31 02:11:33 --> array_push(): Argument #1 ($array) must be of type array, null given
in APPPATH\Models\Invoices_model.php on line 275.
 1 APPPATH\Models\Invoices_model.php(275): array_push(null, Object(stdClass))
 2 APPPATH\Helpers\widget_helper.php(1713): App\Models\Invoices_model->get_user_grouped_state()
 3 APPPATH\Controllers\Dashboard.php(1169): invoice_overview_widget()
 4 APPPATH\Controllers\Dashboard.php(1048): App\Controllers\Dashboard->_get_widgets_for_staffs('invoice_overview', [...])
 5 APPPATH\Controllers\Dashboard.php(1025): App\Controllers\Dashboard->_make_dashboard_widgets('invoice_overview')
 6 APPPATH\Controllers\Dashboard.php(38): App\Controllers\Dashboard->make_dashboard([...])
 7 SYSTEMPATH\CodeIgniter.php(932): App\Controllers\Dashboard->index()
 8 SYSTEMPATH\CodeIgniter.php(497): CodeIgniter\CodeIgniter->runController(Object(App\Controllers\Dashboard))
 9 SYSTEMPATH\CodeIgniter.php(366): CodeIgniter\CodeIgniter->handleRequest(null, Object(Config\Cache), false)
10 FCPATH\index.php(80): CodeIgniter\CodeIgniter->run()
ERROR - 2024-05-31 02:11:42 --> client_state_data Array
(
    [0] => stdClass Object
        (
            [state] => 
            [count] => 1
        )

    [1] => stdClass Object
        (
            [state] => Arkhangai
            [count] => 1
        )

    [2] => stdClass Object
        (
            [state] => BZD
            [count] => 2
        )

)

ERROR - 2024-05-31 02:11:42 --> item test stdClass Object
(
    [state] => 
    [count] => 1
)

ERROR - 2024-05-31 02:11:42 --> item test stdClass Object
(
    [state] => Arkhangai
    [count] => 1
)

ERROR - 2024-05-31 02:11:42 --> item test stdClass Object
(
    [state] => BZD
    [count] => 2
)

ERROR - 2024-05-31 02:12:13 --> client_state_data Array
(
    [0] => stdClass Object
        (
            [state] => 
            [count] => 1
        )

    [1] => stdClass Object
        (
            [state] => Arkhangai
            [count] => 1
        )

    [2] => stdClass Object
        (
            [state] => BZD
            [count] => 2
        )

)

ERROR - 2024-05-31 02:12:13 --> item test stdClass Object
(
    [state] => 
    [count] => 1
)

ERROR - 2024-05-31 02:12:13 --> item test stdClass Object
(
    [state] => Arkhangai
    [count] => 1
)

ERROR - 2024-05-31 02:12:13 --> item test stdClass Object
(
    [state] => BZD
    [count] => 2
)

ERROR - 2024-05-31 02:19:53 --> client_data Array
(
    [0] => stdClass Object
        (
            [state] => 
            [count] => 1
        )

    [1] => stdClass Object
        (
            [state] => Arkhangai
            [count] => 1
        )

    [2] => stdClass Object
        (
            [state] => BZD
            [count] => 2
        )

)

ERROR - 2024-05-31 02:21:43 --> client_data Array
(
    [0] => stdClass Object
        (
            [state] => 
            [count] => 1
        )

    [1] => stdClass Object
        (
            [state] => Arkhangai
            [count] => 1
        )

    [2] => stdClass Object
        (
            [state] => BZD
            [count] => 2
        )

)

ERROR - 2024-05-31 02:24:12 --> client_data Array
(
    [0] => stdClass Object
        (
            [state] => 
            [count] => 1
        )

    [1] => stdClass Object
        (
            [state] => Arkhangai
            [count] => 1
        )

    [2] => stdClass Object
        (
            [state] => BZD
            [count] => 2
        )

)

